<?xml version="1.0" encoding="UTF-8"?>
<!-- Generated by org.testng.reporters.JUnitReportReporter -->
<testsuite hostname="INLF6T43Z2" failures="0" tests="1" name="flipkart.test" time="65.066" errors="0" timestamp="2022-11-10T18:17:14 IST" skipped="0">
  <testcase classname="flipkart.test" name="test1" time="65.066"/>
  <system-out/>
</testsuite> <!-- flipkart.test -->
